<?xml version="1.0" encoding="UTF-8"?>
<!-- Generated by org.testng.reporters.JUnitXMLReporter -->
<testsuite hostname="DESKTOP-7DILMM7" ignored="7" name="BVT-Chrome" tests="11" failures="0" timestamp="12 Jun 2019 17:59:11 GMT" time="152.337" errors="0">
  <testcase name="TC01_OpenAndVerifyHomePage" time="12.257" classname="phptravels.testProcess.tests.TS001_OpenAndVerifyHomePage"/>
  <testcase name="TC01_goToLoginPageWithLoginBtnOnDropdownMenu" time="2.817" classname="phptravels.testProcess.tests.TS002_HomePage_VerifyFuncionalityOfMyAccountDropdownMenu"/>
  <testcase name="TC02_goToRegisterPageWithSignUpBtnOnDropdownMenu" time="2.801" classname="phptravels.testProcess.tests.TS002_HomePage_VerifyFuncionalityOfMyAccountDropdownMenu"/>
  <testcase name="TC01_OpenAndVerifyLoginPage_UsingLink" time="10.022" classname="phptravels.testProcess.tests.TS003_OpenAndVerifyRegisterPage_UsingLink"/>
  <testcase name="TC01_registerNewValidUser_VerifyAccountPage" time="20.409" classname="phptravels.testProcess.tests.TS004_RegisterNewValidUser"/>
  <testcase name="TC02_logoutFromAccountPage_AndVerifyLoginPage" time="2.645" classname="phptravels.testProcess.tests.TS004_RegisterNewValidUser"/>
  <testcase name="TC01_registerUserWithExistingEmail_showErrorMsg" time="15.486" classname="phptravels.testProcess.tests.TS005_RegisterNewUserWithExistingEmail_VerifyErrorMsg"/>
  <testcase name="TC01_verifyLoginPage" time="9.662" classname="phptravels.testProcess.tests.TS007_OpenAndVerifyLoginPage_UsingLink"/>
  <testcase name="TC01_testLoginWithValidCredentials" time="13.623" classname="phptravels.testProcess.tests.TS008_LoginValidUser_VerifyAccountPage_AndLogout"/>
  <testcase name="TC01_testLoginWithBadPassword_showErrorMsg" time="9.955" classname="phptravels.testProcess.tests.TS009_LoginValidUserWithInvalidPassword_VerifyErrorMsg"/>
  <testcase name="TC02_logoutToLoginPage" time="3.53" classname="phptravels.testProcess.tests.TS008_LoginValidUser_VerifyAccountPage_AndLogout"/>
  <testcase name="@BeforeTest setupData" time="0.0" classname="phptravels.testProcess.BaseTest">
    <ignored/>
  </testcase> <!-- @BeforeTest setupData -->
  <testcase name="@BeforeTest setupData" time="0.0" classname="phptravels.testProcess.BaseTest">
    <ignored/>
  </testcase> <!-- @BeforeTest setupData -->
  <testcase name="@BeforeTest setupData" time="0.0" classname="phptravels.testProcess.BaseTest">
    <ignored/>
  </testcase> <!-- @BeforeTest setupData -->
  <testcase name="@BeforeTest setupData" time="0.0" classname="phptravels.testProcess.BaseTest">
    <ignored/>
  </testcase> <!-- @BeforeTest setupData -->
  <testcase name="@BeforeTest setupData" time="0.0" classname="phptravels.testProcess.BaseTest">
    <ignored/>
  </testcase> <!-- @BeforeTest setupData -->
  <testcase name="@BeforeTest setupData" time="0.0" classname="phptravels.testProcess.BaseTest">
    <ignored/>
  </testcase> <!-- @BeforeTest setupData -->
  <testcase name="@BeforeTest setupData" time="0.0" classname="phptravels.testProcess.BaseTest">
    <ignored/>
  </testcase> <!-- @BeforeTest setupData -->
</testsuite> <!-- BVT-Chrome -->
