<?xml version="1.0" encoding="UTF-8"?>
<!-- Generated by org.testng.reporters.JUnitXMLReporter -->
<testsuite hostname="DESKTOP-7DILMM7" ignored="4" name="BVT-Firefox" tests="8" failures="0" timestamp="12 Jun 2019 17:58:59 GMT" time="140.277" errors="0">
  <testcase name="TC01_goToLoginPageWithLoginBtnOnDropdownMenu" time="2.559" classname="phptravels.testProcess.tests.TS002_HomePage_VerifyFuncionalityOfMyAccountDropdownMenu"/>
  <testcase name="TC02_goToRegisterPageWithSignUpBtnOnDropdownMenu" time="2.72" classname="phptravels.testProcess.tests.TS002_HomePage_VerifyFuncionalityOfMyAccountDropdownMenu"/>
  <testcase name="TC01_registerNewValidUser_VerifyAccountPage" time="20.72" classname="phptravels.testProcess.tests.TS004_RegisterNewValidUser"/>
  <testcase name="TC02_logoutFromAccountPage_AndVerifyLoginPage" time="3.148" classname="phptravels.testProcess.tests.TS004_RegisterNewValidUser"/>
  <testcase name="TC01_registerUserWithExistingEmail_showErrorMsg" time="14.434" classname="phptravels.testProcess.tests.TS005_RegisterNewUserWithExistingEmail_VerifyErrorMsg"/>
  <testcase name="TC01_testLoginWithValidCredentials" time="11.622" classname="phptravels.testProcess.tests.TS008_LoginValidUser_VerifyAccountPage_AndLogout"/>
  <testcase name="TC01_testLoginWithBadPassword_showErrorMsg" time="11.545" classname="phptravels.testProcess.tests.TS009_LoginValidUserWithInvalidPassword_VerifyErrorMsg"/>
  <testcase name="TC02_logoutToLoginPage" time="2.746" classname="phptravels.testProcess.tests.TS008_LoginValidUser_VerifyAccountPage_AndLogout"/>
  <testcase name="@BeforeTest setupData" time="0.0" classname="phptravels.testProcess.BaseTest">
    <ignored/>
  </testcase> <!-- @BeforeTest setupData -->
  <testcase name="@BeforeTest setupData" time="0.0" classname="phptravels.testProcess.BaseTest">
    <ignored/>
  </testcase> <!-- @BeforeTest setupData -->
  <testcase name="@BeforeTest setupData" time="0.0" classname="phptravels.testProcess.BaseTest">
    <ignored/>
  </testcase> <!-- @BeforeTest setupData -->
  <testcase name="@BeforeTest setupData" time="0.0" classname="phptravels.testProcess.BaseTest">
    <ignored/>
  </testcase> <!-- @BeforeTest setupData -->
</testsuite> <!-- BVT-Firefox -->
