<?xml version="1.0" encoding="UTF-8"?>
<!-- Generated by org.testng.reporters.JUnitXMLReporter -->
<testsuite hostname="DESKTOP-7DILMM7" ignored="9" name="Regression-Chrome" tests="26" failures="0" timestamp="12 Jun 2019 17:33:24 GMT" time="369.551" errors="0">
  <testcase name="TC01_OpenAndVerifyHomePage" time="11.939" classname="phptravels.testProces.tests.TS001_OpenAndVerifyHomePage"/>
  <testcase name="TC01_goToLoginPageWithLoginBtnOnDropdownMenu" time="2.509" classname="phptravels.testProces.tests.TS002_HomePage_VerifyFuncionalityOfMyAccountDropdownMenu"/>
  <testcase name="TC02_goToRegisterPageWithSignUpBtnOnDropdownMenu" time="1.994" classname="phptravels.testProces.tests.TS002_HomePage_VerifyFuncionalityOfMyAccountDropdownMenu"/>
  <testcase name="TC01_OpenAndVerifyLoginPage_UsingLink" time="9.159" classname="phptravels.testProces.tests.TS003_OpenAndVerifyRegisterPage_UsingLink"/>
  <testcase name="TC01_registerNewValidUser_VerifyAccountPage" time="20.026" classname="phptravels.testProces.tests.TS004_RegisterNewValidUser"/>
  <testcase name="TC02_logoutFromAccountPage_AndVerifyLoginPage" time="2.618" classname="phptravels.testProces.tests.TS004_RegisterNewValidUser"/>
  <testcase name="TC01_registerUserWithExistingEmail_showErrorMsg" time="20.396" classname="phptravels.testProces.tests.TS005_RegisterNewUserWithExistingEmail_VerifyErrorMsg"/>
  <testcase name="TC01_registerWithEmptyFirstnameField_showErrorMsg" time="2.832" classname="phptravels.testProces.tests.TS006_IncompleteRegistartion_VerifyErrorMsgs"/>
  <testcase name="TC02_registerWithEmptyLastnameField_showErrorMsg" time="2.967" classname="phptravels.testProces.tests.TS006_IncompleteRegistartion_VerifyErrorMsgs"/>
  <testcase name="TC03_registerWithEmptyEmailField_showErrorMsg" time="2.545" classname="phptravels.testProces.tests.TS006_IncompleteRegistartion_VerifyErrorMsgs"/>
  <testcase name="TC04_registerWithEmptyPasswordField_showErrorMsg" time="3.165" classname="phptravels.testProces.tests.TS006_IncompleteRegistartion_VerifyErrorMsgs"/>
  <testcase name="TC05_registerWithEmptyConfirmPasswordField_showErrorMsg" time="3.272" classname="phptravels.testProces.tests.TS006_IncompleteRegistartion_VerifyErrorMsgs"/>
  <testcase name="TC06_registerWithAllEmptyField_showErrorMsg" time="2.525" classname="phptravels.testProces.tests.TS006_IncompleteRegistartion_VerifyErrorMsgs"/>
  <testcase name="TC07_registerWithWrongConfirmpaswordField_showErrorMsg" time="3.702" classname="phptravels.testProces.tests.TS006_IncompleteRegistartion_VerifyErrorMsgs"/>
  <testcase name="TC08_registerWithWrongFormOfEmail" time="3.317" classname="phptravels.testProces.tests.TS006_IncompleteRegistartion_VerifyErrorMsgs"/>
  <testcase name="TC09_registerWithToLongEmail_localPartIsGreaterThan64Char" time="2.742" classname="phptravels.testProces.tests.TS006_IncompleteRegistartion_VerifyErrorMsgs"/>
  <testcase name="TC10_registerWithTooShortPassword_lessThanSixChar" time="4.446" classname="phptravels.testProces.tests.TS006_IncompleteRegistartion_VerifyErrorMsgs"/>
  <testcase name="TC01_verifyLoginPage" time="19.911" classname="phptravels.testProces.tests.TS007_OpenAndVerifyLoginPage_UsingLink"/>
  <testcase name="TC01_testLoginWithValidCredentials" time="37.197" classname="phptravels.testProces.tests.TS008_LoginValidUser_VerifyAccountPage_AndLogout"/>
  <testcase name="TC01_testLoginWithBadPassword_showErrorMsg" time="55.679" classname="phptravels.testProces.tests.TS009_LoginValidUserWithInvalidPassword_VerifyErrorMsg"/>
  <testcase name="TC01_loginWithAllEmptyFields_VerifyErrorMsg" time="1.519" classname="phptravels.testProces.tests.TS010_InvalidLoginAttempts_VerifyErrorMsg"/>
  <testcase name="TC02_loginWithFakeCredentials_VerifyErrorMsg" time="3.515" classname="phptravels.testProces.tests.TS010_InvalidLoginAttempts_VerifyErrorMsg"/>
  <testcase name="TC03_loginWithValidEmailAndEmptyPassword_VerifyErrorMsg" time="3.523" classname="phptravels.testProces.tests.TS010_InvalidLoginAttempts_VerifyErrorMsg"/>
  <testcase name="TC04_loginWithEmptyEmailAndValidPassword_VerifyErrorMsg" time="7.903" classname="phptravels.testProces.tests.TS010_InvalidLoginAttempts_VerifyErrorMsg"/>
  <testcase name="TC05_loginWithFakeEmailAndValidPassword_VerifyErrorMsg" time="2.779" classname="phptravels.testProces.tests.TS010_InvalidLoginAttempts_VerifyErrorMsg"/>
  <testcase name="TC02_logoutToLoginPage" time="32.889" classname="phptravels.testProces.tests.TS008_LoginValidUser_VerifyAccountPage_AndLogout"/>
  <testcase name="@BeforeTest setupData" time="0.0" classname="phptravels.testProces.BaseTest">
    <ignored/>
  </testcase> <!-- @BeforeTest setupData -->
  <testcase name="@BeforeTest setupData" time="0.0" classname="phptravels.testProces.BaseTest">
    <ignored/>
  </testcase> <!-- @BeforeTest setupData -->
  <testcase name="@BeforeTest setupData" time="0.0" classname="phptravels.testProces.BaseTest">
    <ignored/>
  </testcase> <!-- @BeforeTest setupData -->
  <testcase name="@BeforeTest setupData" time="0.0" classname="phptravels.testProces.BaseTest">
    <ignored/>
  </testcase> <!-- @BeforeTest setupData -->
  <testcase name="@BeforeTest setupData" time="0.0" classname="phptravels.testProces.BaseTest">
    <ignored/>
  </testcase> <!-- @BeforeTest setupData -->
  <testcase name="@BeforeTest setupData" time="0.0" classname="phptravels.testProces.BaseTest">
    <ignored/>
  </testcase> <!-- @BeforeTest setupData -->
  <testcase name="@BeforeTest setupData" time="0.0" classname="phptravels.testProces.BaseTest">
    <ignored/>
  </testcase> <!-- @BeforeTest setupData -->
  <testcase name="@BeforeTest setupData" time="0.0" classname="phptravels.testProces.BaseTest">
    <ignored/>
  </testcase> <!-- @BeforeTest setupData -->
  <testcase name="@BeforeTest setupData" time="0.0" classname="phptravels.testProces.BaseTest">
    <ignored/>
  </testcase> <!-- @BeforeTest setupData -->
</testsuite> <!-- Regression-Chrome -->
