<?xml version="1.0" encoding="UTF-8"?>
<!-- Generated by org.testng.reporters.JUnitXMLReporter -->
<testsuite hostname="DESKTOP-7DILMM7" ignored="9" name="Chrome" tests="26" failures="0" timestamp="12 Jun 2019 16:54:04 GMT" time="321.979" errors="0">
  <testcase name="TC01_OpenAndVerifyHomePage" time="26.781" classname="phptravels.testProces.tests.TS001_OpenAndVerifyHomePage"/>
  <testcase name="TC01_goToLoginPageWithLoginBtnOnDropdownMenu" time="2.483" classname="phptravels.testProces.tests.TS002_HomePage_VerifyFuncionalityOfMyAccountDropdownMenu"/>
  <testcase name="TC02_goToRegisterPageWithSignUpBtnOnDropdownMenu" time="2.389" classname="phptravels.testProces.tests.TS002_HomePage_VerifyFuncionalityOfMyAccountDropdownMenu"/>
  <testcase name="TC01_OpenAndVerifyLoginPage_UsingLink" time="19.288" classname="phptravels.testProces.tests.TS003_OpenAndVerifyRegisterPage_UsingLink"/>
  <testcase name="TC01_registerNewValidUser_VerifyAccountPage" time="31.525" classname="phptravels.testProces.tests.TS004_RegisterNewValidUser"/>
  <testcase name="TC02_logoutFromAccountPage_AndVerifyLoginPage" time="3.063" classname="phptravels.testProces.tests.TS004_RegisterNewValidUser"/>
  <testcase name="TC01_registerUserWithExistingEmail_showErrorMsg" time="11.146" classname="phptravels.testProces.tests.TS005_RegisterNewUserWithExistingEmail_VerifyErrorMsg"/>
  <testcase name="TC01_registerWithEmptyFirstnameField_showErrorMsg" time="2.927" classname="phptravels.testProces.tests.TS006_IncompleteRegistartion_VerifyErrorMsgs"/>
  <testcase name="TC02_registerWithEmptyLastnameField_showErrorMsg" time="3.142" classname="phptravels.testProces.tests.TS006_IncompleteRegistartion_VerifyErrorMsgs"/>
  <testcase name="TC03_registerWithEmptyEmailField_showErrorMsg" time="2.659" classname="phptravels.testProces.tests.TS006_IncompleteRegistartion_VerifyErrorMsgs"/>
  <testcase name="TC04_registerWithEmptyPasswordField_showErrorMsg" time="3.097" classname="phptravels.testProces.tests.TS006_IncompleteRegistartion_VerifyErrorMsgs"/>
  <testcase name="TC05_registerWithEmptyConfirmPasswordField_showErrorMsg" time="3.578" classname="phptravels.testProces.tests.TS006_IncompleteRegistartion_VerifyErrorMsgs"/>
  <testcase name="TC06_registerWithAllEmptyField_showErrorMsg" time="6.009" classname="phptravels.testProces.tests.TS006_IncompleteRegistartion_VerifyErrorMsgs"/>
  <testcase name="TC07_registerWithWrongConfirmpaswordField_showErrorMsg" time="5.671" classname="phptravels.testProces.tests.TS006_IncompleteRegistartion_VerifyErrorMsgs"/>
  <testcase name="TC08_registerWithWrongFormOfEmail" time="3.44" classname="phptravels.testProces.tests.TS006_IncompleteRegistartion_VerifyErrorMsgs"/>
  <testcase name="TC09_registerWithToLongEmail_localPartIsGreaterThan64Char" time="3.682" classname="phptravels.testProces.tests.TS006_IncompleteRegistartion_VerifyErrorMsgs"/>
  <testcase name="TC10_registerWithTooShortPassword_lessThanSixChar" time="3.153" classname="phptravels.testProces.tests.TS006_IncompleteRegistartion_VerifyErrorMsgs"/>
  <testcase name="TC01_verifyLoginPage" time="14.559" classname="phptravels.testProces.tests.TS007_OpenAndVerifyLoginPage_UsingLink"/>
  <testcase name="TC01_testLoginWithValidCredentials" time="23.276" classname="phptravels.testProces.tests.TS008_LoginValidUser_VerifyAccountPage_AndLogout"/>
  <testcase name="TC02_logoutToLoginPage" time="3.833" classname="phptravels.testProces.tests.TS008_LoginValidUser_VerifyAccountPage_AndLogout"/>
  <testcase name="TC01_testLoginWithBadPassword_showErrorMsg" time="16.322" classname="phptravels.testProces.tests.TS009_LoginValidUserWithInvalidPassword_VerifyErrorMsg"/>
  <testcase name="TC01_loginWithAllEmptyFields_VerifyErrorMsg" time="1.491" classname="phptravels.testProces.tests.TS010_InvalidLoginAttempts_VerifyErrorMsg"/>
  <testcase name="TC02_loginWithFakeCredentials_VerifyErrorMsg" time="3.079" classname="phptravels.testProces.tests.TS010_InvalidLoginAttempts_VerifyErrorMsg"/>
  <testcase name="TC03_loginWithValidEmailAndEmptyPassword_VerifyErrorMsg" time="3.149" classname="phptravels.testProces.tests.TS010_InvalidLoginAttempts_VerifyErrorMsg"/>
  <testcase name="TC04_loginWithEmptyEmailAndValidPassword_VerifyErrorMsg" time="3.175" classname="phptravels.testProces.tests.TS010_InvalidLoginAttempts_VerifyErrorMsg"/>
  <testcase name="TC05_loginWithFakeEmailAndValidPassword_VerifyErrorMsg" time="3.222" classname="phptravels.testProces.tests.TS010_InvalidLoginAttempts_VerifyErrorMsg"/>
  <testcase name="@BeforeTest setupData" time="0.0" classname="phptravels.testProces.BaseTest">
    <ignored/>
  </testcase> <!-- @BeforeTest setupData -->
  <testcase name="@BeforeTest setupData" time="0.0" classname="phptravels.testProces.BaseTest">
    <ignored/>
  </testcase> <!-- @BeforeTest setupData -->
  <testcase name="@BeforeTest setupData" time="0.0" classname="phptravels.testProces.BaseTest">
    <ignored/>
  </testcase> <!-- @BeforeTest setupData -->
  <testcase name="@BeforeTest setupData" time="0.0" classname="phptravels.testProces.BaseTest">
    <ignored/>
  </testcase> <!-- @BeforeTest setupData -->
  <testcase name="@BeforeTest setupData" time="0.0" classname="phptravels.testProces.BaseTest">
    <ignored/>
  </testcase> <!-- @BeforeTest setupData -->
  <testcase name="@BeforeTest setupData" time="0.0" classname="phptravels.testProces.BaseTest">
    <ignored/>
  </testcase> <!-- @BeforeTest setupData -->
  <testcase name="@BeforeTest setupData" time="0.0" classname="phptravels.testProces.BaseTest">
    <ignored/>
  </testcase> <!-- @BeforeTest setupData -->
  <testcase name="@BeforeTest setupData" time="0.0" classname="phptravels.testProces.BaseTest">
    <ignored/>
  </testcase> <!-- @BeforeTest setupData -->
  <testcase name="@BeforeTest setupData" time="0.0" classname="phptravels.testProces.BaseTest">
    <ignored/>
  </testcase> <!-- @BeforeTest setupData -->
</testsuite> <!-- Chrome -->
