<?xml version="1.0" encoding="UTF-8"?>
<!-- Generated by org.testng.reporters.JUnitXMLReporter -->
<testsuite hostname="DESKTOP-7DILMM7" ignored="9" name="Mozzila" tests="22" failures="0" timestamp="12 Jun 2019 15:34:39 GMT" time="284.373" errors="0">
  <testcase name="TC01_OpenAndVerifyHomePage" time="18.212" classname="phptravels.testProces.tests.TS001_OpenAndVerifyHomePage"/>
  <testcase name="TC01_goToLoginPageWithLoginBtnOnDropdownMenu" time="2.531" classname="phptravels.testProces.tests.TS002_HomePage_VerifyFuncionalityOfMyAccountDropdownMenu"/>
  <testcase name="TC02_goToRegisterPageWithSignUpBtnOnDropdownMenu" time="2.189" classname="phptravels.testProces.tests.TS002_HomePage_VerifyFuncionalityOfMyAccountDropdownMenu"/>
  <testcase name="TC01_OpenAndVerifyLoginPage_UsingLink" time="19.459" classname="phptravels.testProces.tests.TS003_OpenAndVerifyRegisterPage_UsingLink"/>
  <testcase name="TC01_registerNewValidUser_VerifyAccountPage" time="22.58" classname="phptravels.testProces.tests.TS004_RegisterNewValidUser"/>
  <testcase name="TC02_logoutFromAccountPage_AndVerifyLoginPage" time="3.426" classname="phptravels.testProces.tests.TS004_RegisterNewValidUser"/>
  <testcase name="TC01_registerUserWithExistingEmail_showErrorMsg" time="11.162" classname="phptravels.testProces.tests.TS005_RegisterNewUserWithExistingEmail_VerifyErrorMsg"/>
  <testcase name="TC01_registerWithEmptyFirstnameField_showErrorMsg" time="2.437" classname="phptravels.testProces.tests.TS006_IncompleteRegistartion_VerifyErrorMsgs"/>
  <testcase name="TC02_registerWithEmptyLastnameField_showErrorMsg" time="2.31" classname="phptravels.testProces.tests.TS006_IncompleteRegistartion_VerifyErrorMsgs"/>
  <testcase name="TC03_registerWithEmptyEmailField_showErrorMsg" time="2.514" classname="phptravels.testProces.tests.TS006_IncompleteRegistartion_VerifyErrorMsgs"/>
  <testcase name="TC04_registerWithEmptyPasswordField_showErrorMsg" time="2.314" classname="phptravels.testProces.tests.TS006_IncompleteRegistartion_VerifyErrorMsgs"/>
  <testcase name="TC05_registerWithEmptyConfirmPasswordField_showErrorMsg" time="2.325" classname="phptravels.testProces.tests.TS006_IncompleteRegistartion_VerifyErrorMsgs"/>
  <testcase name="TC06_registerWithAllEmptyField_showErrorMsg" time="2.09" classname="phptravels.testProces.tests.TS006_IncompleteRegistartion_VerifyErrorMsgs"/>
  <testcase name="TC07_registerWithWrongConfirmpaswordField_showErrorMsg" time="2.333" classname="phptravels.testProces.tests.TS006_IncompleteRegistartion_VerifyErrorMsgs"/>
  <testcase name="TC08_registerWithWrongFormOfEmail" time="2.392" classname="phptravels.testProces.tests.TS006_IncompleteRegistartion_VerifyErrorMsgs"/>
  <testcase name="TC09_registerWithToLongEmail_localPartIsGreaterThan64Char" time="2.491" classname="phptravels.testProces.tests.TS006_IncompleteRegistartion_VerifyErrorMsgs"/>
  <testcase name="TC10_registerWithTooShortPassword_lessThanSixChar" time="2.327" classname="phptravels.testProces.tests.TS006_IncompleteRegistartion_VerifyErrorMsgs"/>
  <testcase name="TC01_verifyLoginPage" time="9.422" classname="phptravels.testProces.tests.TS007_OpenAndVerifyLoginPage_UsingLink"/>
  <testcase name="TC01_testLoginWithValidCredentials" time="14.203" classname="phptravels.testProces.tests.TS008_LoginValidUser_VerifyAccountPage_AndLogout"/>
  <testcase name="TC02_logoutToLoginPage" time="2.855" classname="phptravels.testProces.tests.TS008_LoginValidUser_VerifyAccountPage_AndLogout"/>
  <testcase name="TC01_testLoginWithBadPassword_showErrorMsg" time="12.089" classname="phptravels.testProces.tests.TS009_LoginValidUserWithInvalidPassword_VerifyErrorMsg"/>
  <testcase name="TC01_loginWithAllEmptyFields" time="0.843" classname="phptravels.testProces.tests.TS010_InvalidLoginAttempts_VerifyErrorMsg"/>
  <testcase name="@BeforeTest setupData" time="0.0" classname="phptravels.testProces.BaseTest">
    <ignored/>
  </testcase> <!-- @BeforeTest setupData -->
  <testcase name="@BeforeTest setupData" time="0.0" classname="phptravels.testProces.BaseTest">
    <ignored/>
  </testcase> <!-- @BeforeTest setupData -->
  <testcase name="@BeforeTest setupData" time="0.0" classname="phptravels.testProces.BaseTest">
    <ignored/>
  </testcase> <!-- @BeforeTest setupData -->
  <testcase name="@BeforeTest setupData" time="0.0" classname="phptravels.testProces.BaseTest">
    <ignored/>
  </testcase> <!-- @BeforeTest setupData -->
  <testcase name="@BeforeTest setupData" time="0.0" classname="phptravels.testProces.BaseTest">
    <ignored/>
  </testcase> <!-- @BeforeTest setupData -->
  <testcase name="@BeforeTest setupData" time="0.0" classname="phptravels.testProces.BaseTest">
    <ignored/>
  </testcase> <!-- @BeforeTest setupData -->
  <testcase name="@BeforeTest setupData" time="0.0" classname="phptravels.testProces.BaseTest">
    <ignored/>
  </testcase> <!-- @BeforeTest setupData -->
  <testcase name="@BeforeTest setupData" time="0.0" classname="phptravels.testProces.BaseTest">
    <ignored/>
  </testcase> <!-- @BeforeTest setupData -->
  <testcase name="@BeforeTest setupData" time="0.0" classname="phptravels.testProces.BaseTest">
    <ignored/>
  </testcase> <!-- @BeforeTest setupData -->
</testsuite> <!-- Mozzila -->
